<?xml version="1.0" encoding="UTF-8"?>
<!-- Generated by org.testng.reporters.JUnitReportReporter -->
<testsuite hostname="aloisio" failures="0" tests="1" name="guru.springframework.JavaHelloWorldTest" time="0.006" errors="0" timestamp="2020-02-13T23:15:20 BRT" skipped="0">
  <testcase classname="guru.springframework.JavaHelloWorldTest" name="testGetHello" time="0.006"/>
</testsuite> <!-- guru.springframework.JavaHelloWorldTest -->
